Symlinking /Users/mac/Desktop/learning_map/devel/./setup.sh
Symlinking /Users/mac/Desktop/learning_map/devel/./setup.zsh
Symlinking /Users/mac/Desktop/learning_map/devel/./local_setup.sh
Symlinking /Users/mac/Desktop/learning_map/devel/./local_setup.zsh
Symlinking /Users/mac/Desktop/learning_map/devel/./_setup_util.py
Symlinking /Users/mac/Desktop/learning_map/devel/./env.sh
Symlinking /Users/mac/Desktop/learning_map/devel/./setup.bash
Symlinking /Users/mac/Desktop/learning_map/devel/./local_setup.bash
Symlinking /Users/mac/Desktop/learning_map/devel/./cmake.lock
Symlinking /Users/mac/Desktop/learning_map/devel/lib/pkgconfig/catkin_tools_prebuild.pc
Symlinking /Users/mac/Desktop/learning_map/devel/share/catkin_tools_prebuild/cmake/catkin_tools_prebuildConfig-version.cmake
Symlinking /Users/mac/Desktop/learning_map/devel/share/catkin_tools_prebuild/cmake/catkin_tools_prebuildConfig.cmake
Cleaning: (/home/ptroc/Desktop/learning_map/devel/.private/catkin_tools_prebuild/setup.zsh, /home/ptroc/Desktop/learning_map/devel/./setup.zsh)
Cleaning: (/home/ptroc/Desktop/learning_map/devel/.private/catkin_tools_prebuild/_setup_util.py, /home/ptroc/Desktop/learning_map/devel/./_setup_util.py)
Cleaning: (/home/ptroc/Desktop/learning_map/devel/.private/catkin_tools_prebuild/setup.sh, /home/ptroc/Desktop/learning_map/devel/./setup.sh)
Cleaning: (/home/ptroc/Desktop/learning_map/devel/.private/catkin_tools_prebuild/env.sh, /home/ptroc/Desktop/learning_map/devel/./env.sh)
Cleaning: (/home/ptroc/Desktop/learning_map/devel/.private/catkin_tools_prebuild/local_setup.sh, /home/ptroc/Desktop/learning_map/devel/./local_setup.sh)
Cleaning: (/home/ptroc/Desktop/learning_map/devel/.private/catkin_tools_prebuild/cmake.lock, /home/ptroc/Desktop/learning_map/devel/./cmake.lock)
Cleaning: (/home/ptroc/Desktop/learning_map/devel/.private/catkin_tools_prebuild/local_setup.bash, /home/ptroc/Desktop/learning_map/devel/./local_setup.bash)
Cleaning: (/home/ptroc/Desktop/learning_map/devel/.private/catkin_tools_prebuild/setup.bash, /home/ptroc/Desktop/learning_map/devel/./setup.bash)
Cleaning: (/home/ptroc/Desktop/learning_map/devel/.private/catkin_tools_prebuild/local_setup.zsh, /home/ptroc/Desktop/learning_map/devel/./local_setup.zsh)
Cleaning: (/home/ptroc/Desktop/learning_map/devel/.private/catkin_tools_prebuild/share/catkin_tools_prebuild/cmake/catkin_tools_prebuildConfig.cmake, /home/ptroc/Desktop/learning_map/devel/share/catkin_tools_prebuild/cmake/catkin_tools_prebuildConfig.cmake)
Cleaning: (/home/ptroc/Desktop/learning_map/devel/.private/catkin_tools_prebuild/share/catkin_tools_prebuild/cmake/catkin_tools_prebuildConfig-version.cmake, /home/ptroc/Desktop/learning_map/devel/share/catkin_tools_prebuild/cmake/catkin_tools_prebuildConfig-version.cmake)
Cleaning: (/home/ptroc/Desktop/learning_map/devel/.private/catkin_tools_prebuild/lib/pkgconfig/catkin_tools_prebuild.pc, /home/ptroc/Desktop/learning_map/devel/lib/pkgconfig/catkin_tools_prebuild.pc)
Unlinking: /home/ptroc/Desktop/learning_map/devel/./setup.zsh
Already unlinked: {}
Unlinking: /home/ptroc/Desktop/learning_map/devel/./_setup_util.py
Already unlinked: {}
Unlinking: /home/ptroc/Desktop/learning_map/devel/./setup.sh
Already unlinked: {}
Unlinking: /home/ptroc/Desktop/learning_map/devel/./env.sh
Already unlinked: {}
Unlinking: /home/ptroc/Desktop/learning_map/devel/./local_setup.sh
Already unlinked: {}
Unlinking: /home/ptroc/Desktop/learning_map/devel/./local_setup.bash
Already unlinked: {}
Unlinking: /home/ptroc/Desktop/learning_map/devel/./setup.bash
Already unlinked: {}
Unlinking: /home/ptroc/Desktop/learning_map/devel/./local_setup.zsh
Already unlinked: {}
Unlinking: /home/ptroc/Desktop/learning_map/devel/share/catkin_tools_prebuild/cmake/catkin_tools_prebuildConfig.cmake
Already unlinked: {}
Unlinking: /home/ptroc/Desktop/learning_map/devel/share/catkin_tools_prebuild/cmake/catkin_tools_prebuildConfig-version.cmake
Already unlinked: {}
Unlinking: /home/ptroc/Desktop/learning_map/devel/lib/pkgconfig/catkin_tools_prebuild.pc
Already unlinked: {}
